[0.294s] DEBUG:colcon:Command line arguments: ['/usr/bin/colcon', 'build']
[0.294s] DEBUG:colcon:Parsed command line arguments: Namespace(log_base=None, log_level=None, verb_name='build', build_base='build', install_base='install', merge_install=False, symlink_install=False, test_result_base=None, continue_on_error=False, executor='parallel', parallel_workers=8, event_handlers=None, ignore_user_meta=False, metas=['./colcon.meta'], base_paths=['.'], packages_ignore=None, packages_ignore_regex=None, paths=None, packages_up_to=None, packages_up_to_regex=None, packages_above=None, packages_above_and_dependencies=None, packages_above_depth=None, packages_select_by_dep=None, packages_skip_by_dep=None, packages_skip_up_to=None, packages_select_build_failed=False, packages_skip_build_finished=False, packages_select_test_failures=False, packages_skip_test_passed=False, packages_select=None, packages_skip=None, packages_select_regex=None, packages_skip_regex=None, packages_start=None, packages_end=None, allow_overriding=[], cmake_args=None, cmake_target=None, cmake_target_skip_unavailable=False, cmake_clean_cache=False, cmake_clean_first=False, cmake_force_configure=False, ament_cmake_args=None, catkin_cmake_args=None, catkin_skip_building_tests=False, verb_parser=<colcon_defaults.argument_parser.defaults.DefaultArgumentsDecorator object at 0x7f052a66fc10>, verb_extension=<colcon_core.verb.build.BuildVerb object at 0x7f052b00f1c0>, main=<bound method BuildVerb.main of <colcon_core.verb.build.BuildVerb object at 0x7f052b00f1c0>>)
[0.317s] Level 1:colcon.colcon_core.package_discovery:discover_packages(colcon_meta) check parameters
[0.317s] Level 1:colcon.colcon_core.package_discovery:discover_packages(recursive) check parameters
[0.317s] Level 1:colcon.colcon_core.package_discovery:discover_packages(ignore) check parameters
[0.317s] Level 1:colcon.colcon_core.package_discovery:discover_packages(path) check parameters
[0.317s] Level 1:colcon.colcon_core.package_discovery:discover_packages(colcon_meta) discover
[0.317s] Level 1:colcon.colcon_core.package_discovery:discover_packages(recursive) discover
[0.317s] INFO:colcon.colcon_core.package_discovery:Crawling recursively for packages in '/home/robo/ROS2/src/robotis_ws/src/dynamixel_sdk_examples'
[0.317s] Level 1:colcon.colcon_core.package_identification:_identify(.) by extensions ['ignore', 'ignore_ament_install']
[0.318s] Level 1:colcon.colcon_core.package_identification:_identify(.) by extension 'ignore'
[0.318s] Level 1:colcon.colcon_core.package_identification:_identify(.) by extension 'ignore_ament_install'
[0.318s] Level 1:colcon.colcon_core.package_identification:_identify(.) by extensions ['colcon_pkg']
[0.318s] Level 1:colcon.colcon_core.package_identification:_identify(.) by extension 'colcon_pkg'
[0.318s] Level 1:colcon.colcon_core.package_identification:_identify(.) by extensions ['colcon_meta']
[0.318s] Level 1:colcon.colcon_core.package_identification:_identify(.) by extension 'colcon_meta'
[0.318s] Level 1:colcon.colcon_core.package_identification:_identify(.) by extensions ['ros']
[0.318s] Level 1:colcon.colcon_core.package_identification:_identify(.) by extension 'ros'
[0.340s] DEBUG:colcon.colcon_core.package_identification:Package '.' with type 'ros.ament_cmake' and name 'dynamixel_sdk_examples'
[0.340s] Level 1:colcon.colcon_core.package_discovery:discover_packages(recursive) using defaults
[0.340s] Level 1:colcon.colcon_core.package_discovery:discover_packages(ignore) discover
[0.340s] Level 1:colcon.colcon_core.package_discovery:discover_packages(ignore) using defaults
[0.340s] Level 1:colcon.colcon_core.package_discovery:discover_packages(path) discover
[0.340s] Level 1:colcon.colcon_core.package_discovery:discover_packages(path) using defaults
[0.364s] Level 1:colcon.colcon_core.package_discovery:discover_packages(prefix_path) check parameters
[0.364s] Level 1:colcon.colcon_core.package_discovery:discover_packages(prefix_path) discover
[0.367s] DEBUG:colcon.colcon_installed_package_information.package_discovery:Found 270 installed packages in /opt/ros/humble
[0.369s] Level 1:colcon.colcon_core.package_discovery:discover_packages(prefix_path) using defaults
[0.426s] Level 5:colcon.colcon_core.verb:set package 'dynamixel_sdk_examples' build argument 'cmake_args' from command line to 'None'
[0.426s] Level 5:colcon.colcon_core.verb:set package 'dynamixel_sdk_examples' build argument 'cmake_target' from command line to 'None'
[0.426s] Level 5:colcon.colcon_core.verb:set package 'dynamixel_sdk_examples' build argument 'cmake_target_skip_unavailable' from command line to 'False'
[0.426s] Level 5:colcon.colcon_core.verb:set package 'dynamixel_sdk_examples' build argument 'cmake_clean_cache' from command line to 'False'
[0.426s] Level 5:colcon.colcon_core.verb:set package 'dynamixel_sdk_examples' build argument 'cmake_clean_first' from command line to 'False'
[0.426s] Level 5:colcon.colcon_core.verb:set package 'dynamixel_sdk_examples' build argument 'cmake_force_configure' from command line to 'False'
[0.426s] Level 5:colcon.colcon_core.verb:set package 'dynamixel_sdk_examples' build argument 'ament_cmake_args' from command line to 'None'
[0.426s] Level 5:colcon.colcon_core.verb:set package 'dynamixel_sdk_examples' build argument 'catkin_cmake_args' from command line to 'None'
[0.426s] Level 5:colcon.colcon_core.verb:set package 'dynamixel_sdk_examples' build argument 'catkin_skip_building_tests' from command line to 'False'
[0.426s] DEBUG:colcon.colcon_core.verb:Building package 'dynamixel_sdk_examples' with the following arguments: {'ament_cmake_args': None, 'build_base': '/home/robo/ROS2/src/robotis_ws/src/dynamixel_sdk_examples/build/dynamixel_sdk_examples', 'catkin_cmake_args': None, 'catkin_skip_building_tests': False, 'cmake_args': None, 'cmake_clean_cache': False, 'cmake_clean_first': False, 'cmake_force_configure': False, 'cmake_target': None, 'cmake_target_skip_unavailable': False, 'install_base': '/home/robo/ROS2/src/robotis_ws/src/dynamixel_sdk_examples/install/dynamixel_sdk_examples', 'merge_install': False, 'path': '/home/robo/ROS2/src/robotis_ws/src/dynamixel_sdk_examples', 'symlink_install': False, 'test_result_base': None}
[0.427s] INFO:colcon.colcon_core.executor:Executing jobs using 'parallel' executor
[0.431s] DEBUG:colcon.colcon_parallel_executor.executor.parallel:run_until_complete
[0.431s] INFO:colcon.colcon_ros.task.ament_cmake.build:Building ROS package in '/home/robo/ROS2/src/robotis_ws/src/dynamixel_sdk_examples' with build type 'ament_cmake'
[0.431s] INFO:colcon.colcon_cmake.task.cmake.build:Building CMake package in '/home/robo/ROS2/src/robotis_ws/src/dynamixel_sdk_examples'
[0.435s] INFO:colcon.colcon_core.plugin_system:Skipping extension 'colcon_core.shell.bat': Not used on non-Windows systems
[0.435s] INFO:colcon.colcon_core.shell:Skip shell extension 'powershell' for command environment: Not usable outside of PowerShell
[0.436s] DEBUG:colcon.colcon_core.shell:Skip shell extension 'dsv' for command environment
[0.444s] DEBUG:colcon.colcon_core.event_handler.log_command:Invoking command in '/home/robo/ROS2/src/robotis_ws/src/dynamixel_sdk_examples/build/dynamixel_sdk_examples': CMAKE_PREFIX_PATH=/opt/ros/humble /usr/bin/cmake /home/robo/ROS2/src/robotis_ws/src/dynamixel_sdk_examples -DCMAKE_INSTALL_PREFIX=/home/robo/ROS2/src/robotis_ws/src/dynamixel_sdk_examples/install/dynamixel_sdk_examples
[0.940s] DEBUG:colcon.colcon_core.event_handler.log_command:Invoked command in '/home/robo/ROS2/src/robotis_ws/src/dynamixel_sdk_examples/build/dynamixel_sdk_examples' returned '1': CMAKE_PREFIX_PATH=/opt/ros/humble /usr/bin/cmake /home/robo/ROS2/src/robotis_ws/src/dynamixel_sdk_examples -DCMAKE_INSTALL_PREFIX=/home/robo/ROS2/src/robotis_ws/src/dynamixel_sdk_examples/install/dynamixel_sdk_examples
[0.949s] Level 1:colcon.colcon_core.environment:create_environment_scripts_only(dynamixel_sdk_examples)
[0.953s] Level 1:colcon.colcon_core.environment:checking '/home/robo/ROS2/src/robotis_ws/src/dynamixel_sdk_examples/install/dynamixel_sdk_examples' for CMake module files
[0.953s] Level 1:colcon.colcon_core.environment:checking '/home/robo/ROS2/src/robotis_ws/src/dynamixel_sdk_examples/install/dynamixel_sdk_examples' for CMake config files
[0.954s] Level 1:colcon.colcon_core.environment:checking '/home/robo/ROS2/src/robotis_ws/src/dynamixel_sdk_examples/install/dynamixel_sdk_examples/bin'
[0.954s] Level 1:colcon.colcon_core.environment:checking '/home/robo/ROS2/src/robotis_ws/src/dynamixel_sdk_examples/install/dynamixel_sdk_examples/lib/pkgconfig/dynamixel_sdk_examples.pc'
[0.954s] Level 1:colcon.colcon_core.environment:checking '/home/robo/ROS2/src/robotis_ws/src/dynamixel_sdk_examples/install/dynamixel_sdk_examples/lib/python3.10/site-packages'
[0.954s] Level 1:colcon.colcon_core.environment:checking '/home/robo/ROS2/src/robotis_ws/src/dynamixel_sdk_examples/install/dynamixel_sdk_examples/bin'
[0.955s] INFO:colcon.colcon_core.shell:Creating package script '/home/robo/ROS2/src/robotis_ws/src/dynamixel_sdk_examples/install/dynamixel_sdk_examples/share/dynamixel_sdk_examples/package.ps1'
[0.956s] INFO:colcon.colcon_core.shell:Creating package descriptor '/home/robo/ROS2/src/robotis_ws/src/dynamixel_sdk_examples/install/dynamixel_sdk_examples/share/dynamixel_sdk_examples/package.dsv'
[0.957s] INFO:colcon.colcon_core.shell:Creating package script '/home/robo/ROS2/src/robotis_ws/src/dynamixel_sdk_examples/install/dynamixel_sdk_examples/share/dynamixel_sdk_examples/package.sh'
[0.957s] INFO:colcon.colcon_core.shell:Creating package script '/home/robo/ROS2/src/robotis_ws/src/dynamixel_sdk_examples/install/dynamixel_sdk_examples/share/dynamixel_sdk_examples/package.bash'
[0.958s] INFO:colcon.colcon_core.shell:Creating package script '/home/robo/ROS2/src/robotis_ws/src/dynamixel_sdk_examples/install/dynamixel_sdk_examples/share/dynamixel_sdk_examples/package.zsh'
[0.958s] Level 1:colcon.colcon_core.environment:create_file_with_runtime_dependencies(/home/robo/ROS2/src/robotis_ws/src/dynamixel_sdk_examples/install/dynamixel_sdk_examples/share/colcon-core/packages/dynamixel_sdk_examples)
[0.969s] DEBUG:colcon.colcon_parallel_executor.executor.parallel:closing loop
[0.969s] DEBUG:colcon.colcon_parallel_executor.executor.parallel:loop closed
[0.969s] DEBUG:colcon.colcon_parallel_executor.executor.parallel:run_until_complete finished with '1'
[0.969s] DEBUG:colcon.colcon_core.event_reactor:joining thread
[0.975s] INFO:colcon.colcon_core.plugin_system:Skipping extension 'colcon_notification.desktop_notification.terminal_notifier': Not used on non-Darwin systems
[0.975s] INFO:colcon.colcon_core.plugin_system:Skipping extension 'colcon_notification.desktop_notification.win32': Not used on non-Windows systems
[0.975s] INFO:colcon.colcon_notification.desktop_notification:Sending desktop notification using 'notify2'
[0.986s] DEBUG:colcon.colcon_core.event_reactor:joined thread
[0.988s] INFO:colcon.colcon_core.shell:Creating prefix script '/home/robo/ROS2/src/robotis_ws/src/dynamixel_sdk_examples/install/local_setup.ps1'
[0.989s] INFO:colcon.colcon_core.shell:Creating prefix util module '/home/robo/ROS2/src/robotis_ws/src/dynamixel_sdk_examples/install/_local_setup_util_ps1.py'
[0.991s] INFO:colcon.colcon_core.shell:Creating prefix chain script '/home/robo/ROS2/src/robotis_ws/src/dynamixel_sdk_examples/install/setup.ps1'
[0.993s] INFO:colcon.colcon_core.shell:Creating prefix script '/home/robo/ROS2/src/robotis_ws/src/dynamixel_sdk_examples/install/local_setup.sh'
[0.993s] INFO:colcon.colcon_core.shell:Creating prefix util module '/home/robo/ROS2/src/robotis_ws/src/dynamixel_sdk_examples/install/_local_setup_util_sh.py'
[0.994s] INFO:colcon.colcon_core.shell:Creating prefix chain script '/home/robo/ROS2/src/robotis_ws/src/dynamixel_sdk_examples/install/setup.sh'
[0.995s] INFO:colcon.colcon_core.shell:Creating prefix script '/home/robo/ROS2/src/robotis_ws/src/dynamixel_sdk_examples/install/local_setup.bash'
[0.995s] INFO:colcon.colcon_core.shell:Creating prefix chain script '/home/robo/ROS2/src/robotis_ws/src/dynamixel_sdk_examples/install/setup.bash'
[0.997s] INFO:colcon.colcon_core.shell:Creating prefix script '/home/robo/ROS2/src/robotis_ws/src/dynamixel_sdk_examples/install/local_setup.zsh'
[0.997s] INFO:colcon.colcon_core.shell:Creating prefix chain script '/home/robo/ROS2/src/robotis_ws/src/dynamixel_sdk_examples/install/setup.zsh'
