[0.010s] Invoking command in '/home/robo/ROS2/src/robotis_ws/src/dynamixel_sdk_examples/build/dynamixel_sdk_examples': CMAKE_PREFIX_PATH=/opt/ros/humble /usr/bin/cmake /home/robo/ROS2/src/robotis_ws/src/dynamixel_sdk_examples -DCMAKE_INSTALL_PREFIX=/home/robo/ROS2/src/robotis_ws/src/dynamixel_sdk_examples/install/dynamixel_sdk_examples
[0.053s] -- The C compiler identification is GNU 11.2.0
[0.102s] -- The CXX compiler identification is GNU 11.2.0
[0.108s] -- Detecting C compiler ABI info
[0.165s] -- Detecting C compiler ABI info - done
[0.173s] -- Check for working C compiler: /usr/bin/cc - skipped
[0.173s] -- Detecting C compile features
[0.173s] -- Detecting C compile features - done
[0.176s] -- Detecting CXX compiler ABI info
[0.243s] -- Detecting CXX compiler ABI info - done
[0.251s] -- Check for working CXX compiler: /usr/bin/c++ - skipped
[0.251s] -- Detecting CXX compile features
[0.252s] -- Detecting CXX compile features - done
[0.253s] -- Found ament_cmake: 1.3.2 (/opt/ros/humble/share/ament_cmake/cmake)
[0.417s] -- Found Python3: /usr/bin/python3.10 (found version "3.10.4") found components: Interpreter 
[0.502s] [31mCMake Error at CMakeLists.txt:20 (find_package):
[0.502s]   By not providing "Finddynamixel_sdk.cmake" in CMAKE_MODULE_PATH this
[0.502s]   project has asked CMake to find a package configuration file provided by
[0.502s]   "dynamixel_sdk", but CMake did not find one.
[0.502s] 
[0.502s]   Could not find a package configuration file provided by "dynamixel_sdk"
[0.502s]   with any of the following names:
[0.502s] 
[0.502s]     dynamixel_sdkConfig.cmake
[0.502s]     dynamixel_sdk-config.cmake
[0.502s] 
[0.502s]   Add the installation prefix of "dynamixel_sdk" to CMAKE_PREFIX_PATH or set
[0.502s]   "dynamixel_sdk_DIR" to a directory containing one of the above files.  If
[0.502s]   "dynamixel_sdk" provides a separate development package or SDK, be sure it
[0.502s]   has been installed.
[0.502s] 
[0.503s] [0m
[0.503s] -- Configuring incomplete, errors occurred!
[0.503s] See also "/home/robo/ROS2/src/robotis_ws/src/dynamixel_sdk_examples/build/dynamixel_sdk_examples/CMakeFiles/CMakeOutput.log".
[0.506s] Invoked command in '/home/robo/ROS2/src/robotis_ws/src/dynamixel_sdk_examples/build/dynamixel_sdk_examples' returned '1': CMAKE_PREFIX_PATH=/opt/ros/humble /usr/bin/cmake /home/robo/ROS2/src/robotis_ws/src/dynamixel_sdk_examples -DCMAKE_INSTALL_PREFIX=/home/robo/ROS2/src/robotis_ws/src/dynamixel_sdk_examples/install/dynamixel_sdk_examples
